<?xml version="1.0" encoding="UTF-8"?>
<coverage generated="1503628795">
  <project timestamp="1503628795">
    <package name="App\Console">
      <file name="/Users/brnbp/Code/podcast/podty-api/app/Console/Kernel.php">
        <class name="Kernel" namespace="App\Console">
          <metrics methods="1" coveredmethods="1" conditionals="0" coveredconditionals="0" statements="1" coveredstatements="1" elements="2" coveredelements="2"/>
        </class>
        <line num="19" type="method" name="anonymous function" crap="1" count="132"/>
        <line num="21" type="stmt" count="132"/>
        <line num="22" type="stmt" count="132"/>
        <line num="23" type="stmt" count="132"/>
        <metrics loc="24" ncloc="18" classes="1" methods="1" coveredmethods="1" conditionals="0" coveredconditionals="0" statements="3" coveredstatements="3" elements="4" coveredelements="4"/>
      </file>
    </package>
    <package name="App">
      <file name="/Users/brnbp/Code/podcast/podty-api/app/EpisodeEntity.php">
        <class name="EpisodeEntity" namespace="App">
          <metrics methods="16" coveredmethods="0" conditionals="0" coveredconditionals="0" statements="71" coveredstatements="0" elements="87" coveredelements="0"/>
        </class>
        <line num="40" type="method" name="getSummary" crap="2" count="0"/>
        <line num="41" type="stmt" count="0"/>
        <line num="42" type="stmt" count="0"/>
        <line num="43" type="stmt" count="0"/>
        <line num="50" type="method" name="setSummary" crap="2" count="0"/>
        <line num="51" type="stmt" count="0"/>
        <line num="52" type="stmt" count="0"/>
        <line num="53" type="stmt" count="0"/>
        <line num="54" type="stmt" count="0"/>
        <line num="59" type="method" name="getImage" crap="2" count="0"/>
        <line num="60" type="stmt" count="0"/>
        <line num="61" type="stmt" count="0"/>
        <line num="62" type="stmt" count="0"/>
        <line num="69" type="method" name="setImage" crap="2" count="0"/>
        <line num="70" type="stmt" count="0"/>
        <line num="71" type="stmt" count="0"/>
        <line num="72" type="stmt" count="0"/>
        <line num="73" type="stmt" count="0"/>
        <line num="78" type="method" name="getDuration" crap="2" count="0"/>
        <line num="79" type="stmt" count="0"/>
        <line num="80" type="stmt" count="0"/>
        <line num="81" type="stmt" count="0"/>
        <line num="88" type="method" name="setDuration" crap="2" count="0"/>
        <line num="89" type="stmt" count="0"/>
        <line num="90" type="stmt" count="0"/>
        <line num="91" type="stmt" count="0"/>
        <line num="92" type="stmt" count="0"/>
        <line num="100" type="method" name="setFeedId" crap="2" count="0"/>
        <line num="101" type="stmt" count="0"/>
        <line num="102" type="stmt" count="0"/>
        <line num="103" type="stmt" count="0"/>
        <line num="104" type="stmt" count="0"/>
        <line num="111" type="method" name="setTitle" crap="2" count="0"/>
        <line num="112" type="stmt" count="0"/>
        <line num="113" type="stmt" count="0"/>
        <line num="114" type="stmt" count="0"/>
        <line num="115" type="stmt" count="0"/>
        <line num="122" type="method" name="setLink" crap="2" count="0"/>
        <line num="123" type="stmt" count="0"/>
        <line num="124" type="stmt" count="0"/>
        <line num="125" type="stmt" count="0"/>
        <line num="126" type="stmt" count="0"/>
        <line num="133" type="method" name="setPublishedDate" crap="2" count="0"/>
        <line num="134" type="stmt" count="0"/>
        <line num="135" type="stmt" count="0"/>
        <line num="136" type="stmt" count="0"/>
        <line num="137" type="stmt" count="0"/>
        <line num="142" type="method" name="getPublishedDate" crap="2" count="0"/>
        <line num="143" type="stmt" count="0"/>
        <line num="144" type="stmt" count="0"/>
        <line num="145" type="stmt" count="0"/>
        <line num="152" type="method" name="setContent" crap="2" count="0"/>
        <line num="153" type="stmt" count="0"/>
        <line num="154" type="stmt" count="0"/>
        <line num="155" type="stmt" count="0"/>
        <line num="156" type="stmt" count="0"/>
        <line num="163" type="method" name="setMediaUrl" crap="2" count="0"/>
        <line num="164" type="stmt" count="0"/>
        <line num="165" type="stmt" count="0"/>
        <line num="166" type="stmt" count="0"/>
        <line num="167" type="stmt" count="0"/>
        <line num="174" type="method" name="setMediaLength" crap="2" count="0"/>
        <line num="175" type="stmt" count="0"/>
        <line num="176" type="stmt" count="0"/>
        <line num="177" type="stmt" count="0"/>
        <line num="178" type="stmt" count="0"/>
        <line num="185" type="method" name="setMediaType" crap="2" count="0"/>
        <line num="186" type="stmt" count="0"/>
        <line num="187" type="stmt" count="0"/>
        <line num="188" type="stmt" count="0"/>
        <line num="189" type="stmt" count="0"/>
        <line num="194" type="method" name="toArray" crap="2" count="0"/>
        <line num="195" type="stmt" count="0"/>
        <line num="196" type="stmt" count="0"/>
        <line num="197" type="stmt" count="0"/>
        <line num="198" type="stmt" count="0"/>
        <line num="199" type="stmt" count="0"/>
        <line num="200" type="stmt" count="0"/>
        <line num="201" type="stmt" count="0"/>
        <line num="202" type="stmt" count="0"/>
        <line num="203" type="stmt" count="0"/>
        <line num="204" type="stmt" count="0"/>
        <line num="205" type="stmt" count="0"/>
        <line num="206" type="stmt" count="0"/>
        <line num="207" type="stmt" count="0"/>
        <line num="208" type="stmt" count="0"/>
        <line num="209" type="stmt" count="0"/>
        <metrics loc="210" ncloc="131" classes="1" methods="16" coveredmethods="0" conditionals="0" coveredconditionals="0" statements="71" coveredstatements="0" elements="87" coveredelements="0"/>
      </file>
    </package>
    <package name="App\Exceptions">
      <file name="/Users/brnbp/Code/podcast/podty-api/app/Exceptions/Handler.php">
        <class name="Handler" namespace="App\Exceptions">
          <metrics methods="2" coveredmethods="2" conditionals="0" coveredconditionals="0" statements="3" coveredstatements="3" elements="5" coveredelements="5"/>
        </class>
        <line num="34" type="method" name="report" crap="1" count="33"/>
        <line num="36" type="stmt" count="33"/>
        <line num="37" type="stmt" count="33"/>
        <line num="46" type="method" name="render" crap="1" count="33"/>
        <line num="48" type="stmt" count="33"/>
        <metrics loc="50" ncloc="30" classes="1" methods="2" coveredmethods="2" conditionals="0" coveredconditionals="0" statements="3" coveredstatements="3" elements="5" coveredelements="5"/>
      </file>
    </package>
    <package name="App\Filter">
      <file name="/Users/brnbp/Code/podcast/podty-api/app/Filter/Filter.php">
        <class name="Filter" namespace="App\Filter">
          <metrics methods="3" coveredmethods="1" conditionals="0" coveredconditionals="0" statements="32" coveredstatements="28" elements="35" coveredelements="29"/>
        </class>
        <line num="8" type="method" name="validateFilters" crap="10.39" count="16"/>
        <line num="10" type="stmt" count="16"/>
        <line num="11" type="stmt" count="7"/>
        <line num="14" type="stmt" count="9"/>
        <line num="15" type="stmt" count="9"/>
        <line num="16" type="stmt" count="9"/>
        <line num="21" type="stmt" count="9"/>
        <line num="22" type="stmt" count="3"/>
        <line num="25" type="stmt" count="6"/>
        <line num="26" type="stmt" count="2"/>
        <line num="27" type="stmt" count="0"/>
        <line num="31" type="stmt" count="6"/>
        <line num="32" type="stmt" count="0"/>
        <line num="35" type="stmt" count="6"/>
        <line num="36" type="stmt" count="0"/>
        <line num="39" type="stmt" count="6"/>
        <line num="40" type="stmt" count="2"/>
        <line num="43" type="stmt" count="6"/>
        <line num="44" type="stmt" count="6"/>
        <line num="47" type="stmt" count="6"/>
        <line num="55" type="method" name="getAssocArray" crap="3.03" count="9"/>
        <line num="57" type="stmt" count="9"/>
        <line num="58" type="stmt" count="9"/>
        <line num="59" type="stmt" count="9"/>
        <line num="60" type="stmt" count="9"/>
        <line num="61" type="stmt" count="0"/>
        <line num="63" type="stmt" count="9"/>
        <line num="66" type="stmt" count="9"/>
        <line num="74" type="method" name="arrayFilter" crap="2" count="9"/>
        <line num="76" type="stmt" count="9"/>
        <line num="77" type="stmt" count="9"/>
        <line num="83" type="stmt" count="9"/>
        <line num="85" type="stmt" count="9"/>
        <line num="86" type="stmt" count="3"/>
        <line num="89" type="stmt" count="6"/>
        <metrics loc="91" ncloc="81" classes="1" methods="3" coveredmethods="1" conditionals="0" coveredconditionals="0" statements="32" coveredstatements="28" elements="35" coveredelements="29"/>
      </file>
      <file name="/Users/brnbp/Code/podcast/podty-api/app/Filter/FilterAbstract.php">
        <class name="FilterAbstract" namespace="App\Filter">
          <metrics methods="1" coveredmethods="0" conditionals="0" coveredconditionals="0" statements="2" coveredstatements="0" elements="3" coveredelements="0"/>
        </class>
        <line num="20" type="method" name="setLimit" crap="2" count="0"/>
        <line num="22" type="stmt" count="0"/>
        <line num="23" type="stmt" count="0"/>
        <metrics loc="27" ncloc="23" classes="1" methods="1" coveredmethods="0" conditionals="0" coveredconditionals="0" statements="2" coveredstatements="0" elements="3" coveredelements="0"/>
      </file>
    </package>
    <package name="App\Http\Controllers">
      <file name="/Users/brnbp/Code/podcast/podty-api/app/Http/Controllers/ApiController.php">
        <class name="ApiController" namespace="App\Http\Controllers">
          <metrics methods="10" coveredmethods="10" conditionals="0" coveredconditionals="0" statements="18" coveredstatements="18" elements="28" coveredelements="28"/>
        </class>
        <line num="14" type="method" name="getStatusCode" crap="1" count="69"/>
        <line num="16" type="stmt" count="69"/>
        <line num="24" type="method" name="setStatusCode" crap="1" count="38"/>
        <line num="26" type="stmt" count="38"/>
        <line num="28" type="stmt" count="38"/>
        <line num="31" type="method" name="respondCreated" crap="1" count="4"/>
        <line num="33" type="stmt" count="4"/>
        <line num="35" type="stmt" count="4"/>
        <line num="38" type="method" name="respondSuccess" crap="2" count="37"/>
        <line num="40" type="stmt" count="37"/>
        <line num="41" type="stmt" count="1"/>
        <line num="44" type="stmt" count="37"/>
        <line num="46" type="stmt" count="37"/>
        <line num="49" type="method" name="respondBadRequest" crap="1" count="7"/>
        <line num="51" type="stmt" count="7"/>
        <line num="54" type="method" name="respondInvalidFilter" crap="1" count="3"/>
        <line num="56" type="stmt" count="3"/>
        <line num="59" type="method" name="respondNotFound" crap="1" count="20"/>
        <line num="61" type="stmt" count="20"/>
        <line num="64" type="method" name="respondError" crap="1" count="34"/>
        <line num="66" type="stmt" count="34"/>
        <line num="68" type="stmt" count="34"/>
        <line num="69" type="stmt" count="34"/>
        <line num="74" type="method" name="respondErrorValidator" crap="1" count="8"/>
        <line num="76" type="stmt" count="8"/>
        <line num="77" type="stmt" count="8"/>
        <line num="80" type="method" name="respond" crap="1" count="69"/>
        <line num="82" type="stmt" count="69"/>
        <metrics loc="85" ncloc="77" classes="1" methods="10" coveredmethods="10" conditionals="0" coveredconditionals="0" statements="18" coveredstatements="18" elements="28" coveredelements="28"/>
      </file>
      <file name="/Users/brnbp/Code/podcast/podty-api/app/Http/Controllers/Controller.php">
        <class name="Controller" namespace="App\Http\Controllers">
          <metrics methods="0" coveredmethods="0" conditionals="0" coveredconditionals="0" statements="0" coveredstatements="0" elements="0" coveredelements="0"/>
        </class>
        <metrics loc="12" ncloc="12" classes="1" methods="0" coveredmethods="0" conditionals="0" coveredconditionals="0" statements="0" coveredstatements="0" elements="0" coveredelements="0"/>
      </file>
      <file name="/Users/brnbp/Code/podcast/podty-api/app/Http/Controllers/EpisodeController.php">
        <class name="EpisodeController" namespace="App\Http\Controllers">
          <metrics methods="7" coveredmethods="7" conditionals="0" coveredconditionals="0" statements="29" coveredstatements="29" elements="36" coveredelements="36"/>
        </class>
        <line num="24" type="method" name="__construct" crap="1" count="15"/>
        <line num="26" type="stmt" count="15"/>
        <line num="27" type="stmt" count="15"/>
        <line num="28" type="stmt" count="15"/>
        <line num="36" type="method" name="retrieve" crap="3" count="11"/>
        <line num="38" type="stmt" count="11"/>
        <line num="39" type="stmt" count="1"/>
        <line num="42" type="stmt" count="10"/>
        <line num="44" type="stmt" count="10"/>
        <line num="45" type="stmt" count="3"/>
        <line num="48" type="stmt" count="7"/>
        <line num="50" type="stmt" count="7"/>
        <line num="53" type="method" name="latest" crap="3" count="3"/>
        <line num="55" type="stmt" count="3"/>
        <line num="56" type="stmt" count="1"/>
        <line num="59" type="stmt" count="2"/>
        <line num="61" type="stmt" count="2"/>
        <line num="62" type="stmt" count="1"/>
        <line num="65" type="method" name="anonymous function" crap="1" count="1"/>
        <line num="66" type="stmt" count="1"/>
        <line num="67" type="stmt" count="1"/>
        <line num="68" type="stmt" count="1"/>
        <line num="69" type="stmt" count="1"/>
        <line num="70" type="stmt" count="1"/>
        <line num="72" type="stmt" count="1"/>
        <line num="75" type="method" name="one" crap="1" count="1"/>
        <line num="77" type="stmt" count="1"/>
        <line num="79" type="stmt" count="1"/>
        <line num="81" type="stmt" count="1"/>
        <line num="84" type="method" name="transformOne" crap="1" count="1"/>
        <line num="86" type="stmt" count="1"/>
        <line num="88" type="stmt" count="1"/>
        <line num="90" type="stmt" count="1"/>
        <line num="93" type="method" name="transformAll" crap="1" count="7"/>
        <line num="95" type="stmt" count="7"/>
        <line num="97" type="stmt" count="7"/>
        <line num="99" type="stmt" count="7"/>
        <metrics loc="101" ncloc="89" classes="1" methods="7" coveredmethods="7" conditionals="0" coveredconditionals="0" statements="30" coveredstatements="30" elements="37" coveredelements="37"/>
      </file>
      <file name="/Users/brnbp/Code/podcast/podty-api/app/Http/Controllers/FeedController.php">
        <class name="FeedController" namespace="App\Http\Controllers">
          <metrics methods="7" coveredmethods="7" conditionals="0" coveredconditionals="0" statements="20" coveredstatements="20" elements="27" coveredelements="27"/>
        </class>
        <line num="27" type="method" name="__construct" crap="1" count="9"/>
        <line num="29" type="stmt" count="9"/>
        <line num="30" type="stmt" count="9"/>
        <line num="31" type="stmt" count="9"/>
        <line num="33" type="method" name="retrieve" crap="2" count="2"/>
        <line num="35" type="stmt" count="2"/>
        <line num="37" type="stmt" count="2"/>
        <line num="38" type="stmt" count="1"/>
        <line num="41" type="stmt" count="2"/>
        <line num="44" type="method" name="retrieveById" crap="1" count="1"/>
        <line num="46" type="stmt" count="1"/>
        <line num="47" type="stmt" count="1"/>
        <line num="51" type="method" name="latest" crap="1" count="2"/>
        <line num="53" type="stmt" count="2"/>
        <line num="56" type="method" name="top" crap="1" count="2"/>
        <line num="58" type="stmt" count="2"/>
        <line num="61" type="method" name="listeners" crap="2" count="2"/>
        <line num="63" type="stmt" count="2"/>
        <line num="65" type="stmt" count="2"/>
        <line num="66" type="stmt" count="1"/>
        <line num="69" type="stmt" count="1"/>
        <line num="70" type="stmt" count="1"/>
        <line num="74" type="method" name="response" crap="2" count="6"/>
        <line num="76" type="stmt" count="6"/>
        <line num="77" type="stmt" count="3"/>
        <line num="80" type="stmt" count="3"/>
        <line num="81" type="stmt" count="3"/>
        <metrics loc="84" ncloc="78" classes="1" methods="7" coveredmethods="7" conditionals="0" coveredconditionals="0" statements="20" coveredstatements="20" elements="27" coveredelements="27"/>
      </file>
      <file name="/Users/brnbp/Code/podcast/podty-api/app/Http/Controllers/UserController.php">
        <class name="UserController" namespace="App\Http\Controllers" fullPackage="App" package="App">
          <metrics methods="8" coveredmethods="8" conditionals="0" coveredconditionals="0" statements="28" coveredstatements="28" elements="36" coveredelements="36"/>
        </class>
        <line num="21" type="method" name="__construct" crap="1" count="17"/>
        <line num="23" type="stmt" count="17"/>
        <line num="24" type="stmt" count="17"/>
        <line num="32" type="method" name="show" crap="2" count="3"/>
        <line num="34" type="stmt" count="3"/>
        <line num="36" type="stmt" count="1"/>
        <line num="37" type="stmt" count="1"/>
        <line num="40" type="stmt" count="1"/>
        <line num="43" type="method" name="create" crap="2" count="9"/>
        <line num="45" type="stmt" count="9"/>
        <line num="47" type="stmt" count="9"/>
        <line num="48" type="stmt" count="8"/>
        <line num="51" type="stmt" count="1"/>
        <line num="53" type="method" name="anonymous function" crap="1" count="1"/>
        <line num="56" type="stmt" count="1"/>
        <line num="58" type="stmt" count="1"/>
        <line num="59" type="stmt" count="1"/>
        <line num="63" type="method" name="delete" crap="3" count="2"/>
        <line num="65" type="stmt" count="2"/>
        <line num="67" type="stmt" count="1"/>
        <line num="71" type="stmt" count="1"/>
        <line num="73" type="stmt" count="1"/>
        <line num="78" type="stmt" count="1"/>
        <line num="100" type="method" name="find" crap="2" count="2"/>
        <line num="102" type="stmt" count="2"/>
        <line num="103" type="stmt" count="2"/>
        <line num="104" type="stmt" count="2"/>
        <line num="106" type="stmt" count="2"/>
        <line num="107" type="stmt" count="1"/>
        <line num="110" type="stmt" count="1"/>
        <line num="111" type="stmt" count="1"/>
        <line num="115" type="method" name="touch" crap="2" count="2"/>
        <line num="117" type="stmt" count="2"/>
        <line num="119" type="stmt" count="1"/>
        <line num="122" type="stmt" count="1"/>
        <line num="124" type="stmt" count="1"/>
        <line num="127" type="method" name="responseData" crap="2" count="3"/>
        <line num="129" type="stmt" count="3"/>
        <metrics loc="131" ncloc="120" classes="1" methods="8" coveredmethods="8" conditionals="0" coveredconditionals="0" statements="30" coveredstatements="30" elements="38" coveredelements="38"/>
      </file>
      <file name="/Users/brnbp/Code/podcast/podty-api/app/Http/Controllers/UserEpisodesController.php">
        <class name="UserEpisodesController" namespace="App\Http\Controllers">
          <metrics methods="10" coveredmethods="10" conditionals="0" coveredconditionals="0" statements="54" coveredstatements="54" elements="64" coveredelements="64"/>
        </class>
        <line num="19" type="method" name="__construct" crap="1" count="15"/>
        <line num="21" type="stmt" count="15"/>
        <line num="22" type="stmt" count="15"/>
        <line num="24" type="method" name="one" crap="1" count="1"/>
        <line num="26" type="stmt" count="1"/>
        <line num="28" type="stmt" count="1"/>
        <line num="30" type="stmt" count="1"/>
        <line num="31" type="stmt" count="1"/>
        <line num="33" type="stmt" count="1"/>
        <line num="36" type="method" name="show" crap="2" count="4"/>
        <line num="38" type="stmt" count="4"/>
        <line num="40" type="stmt" count="3"/>
        <line num="41" type="stmt" count="2"/>
        <line num="44" type="stmt" count="1"/>
        <line num="45" type="stmt" count="1"/>
        <line num="47" type="stmt" count="1"/>
        <line num="50" type="method" name="latests" crap="2" count="2"/>
        <line num="52" type="stmt" count="2"/>
        <line num="53" type="stmt" count="1"/>
        <line num="56" type="stmt" count="1"/>
        <line num="57" type="stmt" count="1"/>
        <line num="60" type="stmt" count="1"/>
        <line num="61" type="stmt" count="1"/>
        <line num="62" type="stmt" count="1"/>
        <line num="63" type="stmt" count="1"/>
        <line num="64" type="stmt" count="1"/>
        <line num="65" type="stmt" count="1"/>
        <line num="66" type="stmt" count="1"/>
        <line num="68" type="stmt" count="1"/>
        <line num="71" type="method" name="listening" crap="2" count="2"/>
        <line num="73" type="stmt" count="2"/>
        <line num="75" type="method" name="anonymous function" crap="1" count="2"/>
        <line num="76" type="stmt" count="1"/>
        <line num="77" type="stmt" count="1"/>
        <line num="78" type="stmt" count="1"/>
        <line num="79" type="stmt" count="1"/>
        <line num="80" type="stmt" count="1"/>
        <line num="81" type="stmt" count="1"/>
        <line num="82" type="stmt" count="2"/>
        <line num="84" type="stmt" count="2"/>
        <line num="85" type="stmt" count="1"/>
        <line num="88" type="stmt" count="1"/>
        <line num="91" type="method" name="attach" crap="2" count="2"/>
        <line num="93" type="stmt" count="2"/>
        <line num="95" type="stmt" count="1"/>
        <line num="96" type="stmt" count="1"/>
        <line num="98" type="stmt" count="1"/>
        <line num="99" type="stmt" count="1"/>
        <line num="100" type="stmt" count="1"/>
        <line num="101" type="stmt" count="1"/>
        <line num="104" type="stmt" count="1"/>
        <line num="105" type="stmt" count="1"/>
        <line num="108" type="stmt" count="1"/>
        <line num="111" type="method" name="detach" crap="2" count="2"/>
        <line num="113" type="stmt" count="2"/>
        <line num="115" type="stmt" count="1"/>
        <line num="117" type="stmt" count="1"/>
        <line num="118" type="stmt" count="1"/>
        <line num="121" type="stmt" count="1"/>
        <line num="122" type="stmt" count="1"/>
        <line num="124" type="stmt" count="1"/>
        <line num="127" type="method" name="paused" crap="1" count="2"/>
        <line num="129" type="stmt" count="2"/>
        <line num="131" type="stmt" count="1"/>
        <line num="133" type="stmt" count="1"/>
        <line num="136" type="method" name="responseData" crap="2" count="4"/>
        <line num="138" type="stmt" count="4"/>
        <metrics loc="140" ncloc="140" classes="1" methods="10" coveredmethods="10" conditionals="0" coveredconditionals="0" statements="57" coveredstatements="57" elements="67" coveredelements="67"/>
      </file>
      <file name="/Users/brnbp/Code/podcast/podty-api/app/Http/Controllers/UserFavoriteController.php">
        <class name="UserFavoriteController" namespace="App\Http\Controllers">
          <metrics methods="3" coveredmethods="3" conditionals="0" coveredconditionals="0" statements="10" coveredstatements="10" elements="13" coveredelements="13"/>
        </class>
        <line num="10" type="method" name="all" crap="2" count="2"/>
        <line num="12" type="stmt" count="2"/>
        <line num="14" type="stmt" count="2"/>
        <line num="15" type="stmt" count="1"/>
        <line num="18" type="stmt" count="1"/>
        <line num="21" type="method" name="favorite" crap="1" count="3"/>
        <line num="23" type="stmt" count="3"/>
        <line num="25" type="stmt" count="3"/>
        <line num="28" type="method" name="unfavorite" crap="2" count="2"/>
        <line num="30" type="stmt" count="2"/>
        <line num="32" type="stmt" count="2"/>
        <line num="33" type="stmt" count="1"/>
        <line num="36" type="stmt" count="1"/>
        <metrics loc="38" ncloc="38" classes="1" methods="3" coveredmethods="3" conditionals="0" coveredconditionals="0" statements="10" coveredstatements="10" elements="13" coveredelements="13"/>
      </file>
      <file name="/Users/brnbp/Code/podcast/podty-api/app/Http/Controllers/UserFeedsController.php">
        <class name="UserFeedsController" namespace="App\Http\Controllers">
          <metrics methods="5" coveredmethods="5" conditionals="0" coveredconditionals="0" statements="19" coveredstatements="19" elements="24" coveredelements="24"/>
        </class>
        <line num="13" type="method" name="all" crap="2" count="2"/>
        <line num="15" type="stmt" count="2"/>
        <line num="17" type="stmt" count="2"/>
        <line num="18" type="stmt" count="1"/>
        <line num="21" type="stmt" count="1"/>
        <line num="24" type="method" name="one" crap="2" count="3"/>
        <line num="26" type="stmt" count="3"/>
        <line num="28" type="stmt" count="3"/>
        <line num="29" type="stmt" count="1"/>
        <line num="31" type="stmt" count="2"/>
        <line num="34" type="method" name="attach" crap="2" count="2"/>
        <line num="36" type="stmt" count="2"/>
        <line num="38" type="stmt" count="2"/>
        <line num="42" type="stmt" count="2"/>
        <line num="45" type="method" name="detach" crap="2" count="2"/>
        <line num="47" type="stmt" count="2"/>
        <line num="48" type="stmt" count="2"/>
        <line num="51" type="stmt" count="2"/>
        <line num="52" type="stmt" count="2"/>
        <line num="54" type="method" name="listenAll" crap="1" count="1"/>
        <line num="56" type="stmt" count="1"/>
        <line num="58" type="stmt" count="1"/>
        <line num="60" type="stmt" count="1"/>
        <line num="62" type="stmt" count="1"/>
        <metrics loc="64" ncloc="64" classes="1" methods="5" coveredmethods="5" conditionals="0" coveredconditionals="0" statements="19" coveredstatements="19" elements="24" coveredelements="24"/>
      </file>
      <file name="/Users/brnbp/Code/podcast/podty-api/app/Http/Controllers/UserFriendsController.php">
        <class name="UserFriendsController" namespace="App\Http\Controllers">
          <metrics methods="3" coveredmethods="3" conditionals="0" coveredconditionals="0" statements="12" coveredstatements="12" elements="15" coveredelements="15"/>
        </class>
        <line num="15" type="method" name="anonymous function" crap="1" count="6"/>
        <line num="16" type="stmt" count="3"/>
        <line num="17" type="stmt" count="6"/>
        <line num="18" type="stmt" count="6"/>
        <line num="20" type="stmt" count="6"/>
        <line num="21" type="stmt" count="3"/>
        <line num="24" type="stmt" count="3"/>
        <line num="27" type="method" name="follow" crap="2" count="2"/>
        <line num="29" type="stmt" count="2"/>
        <line num="30" type="stmt" count="2"/>
        <line num="31" type="stmt" count="2"/>
        <line num="33" type="stmt" count="2"/>
        <line num="36" type="stmt" count="1"/>
        <line num="39" type="method" name="unfollow" crap="2" count="2"/>
        <line num="41" type="stmt" count="2"/>
        <line num="42" type="stmt" count="1"/>
        <line num="43" type="stmt" count="1"/>
        <line num="44" type="stmt" count="1"/>
        <line num="47" type="stmt" count="1"/>
        <metrics loc="49" ncloc="49" classes="1" methods="3" coveredmethods="3" conditionals="0" coveredconditionals="0" statements="16" coveredstatements="16" elements="19" coveredelements="19"/>
      </file>
    </package>
    <package name="App\Http">
      <file name="/Users/brnbp/Code/podcast/podty-api/app/Http/Kernel.php">
        <class name="Kernel" namespace="App\Http">
          <metrics methods="0" coveredmethods="0" conditionals="0" coveredconditionals="0" statements="0" coveredstatements="0" elements="0" coveredelements="0"/>
        </class>
        <metrics loc="44" ncloc="25" classes="1" methods="0" coveredmethods="0" conditionals="0" coveredconditionals="0" statements="0" coveredstatements="0" elements="0" coveredelements="0"/>
      </file>
    </package>
    <package name="App\Http\Middleware">
      <file name="/Users/brnbp/Code/podcast/podty-api/app/Http/Middleware/BasicAuth.php">
        <class name="BasicAuth" namespace="App\Http\Middleware">
          <metrics methods="1" coveredmethods="1" conditionals="0" coveredconditionals="0" statements="1" coveredstatements="1" elements="2" coveredelements="2"/>
        </class>
        <line num="19" type="method" name="handle" crap="2" count="130"/>
        <line num="21" type="stmt" count="130"/>
        <metrics loc="23" ncloc="14" classes="1" methods="1" coveredmethods="1" conditionals="0" coveredconditionals="0" statements="1" coveredstatements="1" elements="2" coveredelements="2"/>
      </file>
      <file name="/Users/brnbp/Code/podcast/podty-api/app/Http/Middleware/EncryptCookies.php">
        <class name="EncryptCookies" namespace="App\Http\Middleware">
          <metrics methods="0" coveredmethods="0" conditionals="0" coveredconditionals="0" statements="0" coveredstatements="0" elements="0" coveredelements="0"/>
        </class>
        <metrics loc="17" ncloc="10" classes="1" methods="0" coveredmethods="0" conditionals="0" coveredconditionals="0" statements="0" coveredstatements="0" elements="0" coveredelements="0"/>
      </file>
    </package>
    <package name="App\Http\Requests">
      <file name="/Users/brnbp/Code/podcast/podty-api/app/Http/Requests/Request.php">
        <class name="Request" namespace="App\Http\Requests">
          <metrics methods="0" coveredmethods="0" conditionals="0" coveredconditionals="0" statements="0" coveredstatements="0" elements="0" coveredelements="0"/>
        </class>
        <metrics loc="10" ncloc="8" classes="1" methods="0" coveredmethods="0" conditionals="0" coveredconditionals="0" statements="0" coveredstatements="0" elements="0" coveredelements="0"/>
      </file>
    </package>
    <file name="/Users/brnbp/Code/podcast/podty-api/app/Http/routes.php">
      <line num="5" type="stmt" count="132"/>
      <line num="9" type="stmt" count="132"/>
      <line num="10" type="stmt" count="132"/>
      <line num="11" type="stmt" count="132"/>
      <line num="12" type="stmt" count="132"/>
      <line num="13" type="stmt" count="132"/>
      <line num="15" type="stmt" count="132"/>
      <line num="17" type="stmt" count="132"/>
      <line num="18" type="stmt" count="132"/>
      <line num="20" type="stmt" count="132"/>
      <line num="22" type="stmt" count="132"/>
      <line num="23" type="stmt" count="132"/>
      <line num="24" type="stmt" count="132"/>
      <line num="25" type="stmt" count="132"/>
      <line num="26" type="stmt" count="132"/>
      <line num="28" type="stmt" count="132"/>
      <line num="29" type="stmt" count="132"/>
      <line num="31" type="stmt" count="132"/>
      <line num="32" type="stmt" count="132"/>
      <line num="34" type="stmt" count="132"/>
      <line num="36" type="stmt" count="132"/>
      <line num="38" type="stmt" count="132"/>
      <line num="39" type="stmt" count="132"/>
      <line num="40" type="stmt" count="132"/>
      <line num="42" type="stmt" count="132"/>
      <line num="43" type="stmt" count="132"/>
      <line num="44" type="stmt" count="132"/>
      <line num="45" type="stmt" count="132"/>
      <line num="47" type="stmt" count="132"/>
      <line num="48" type="stmt" count="132"/>
      <line num="51" type="stmt" count="132"/>
      <line num="53" type="stmt" count="132"/>
      <line num="54" type="stmt" count="132"/>
      <line num="55" type="stmt" count="132"/>
      <metrics loc="55" ncloc="55" classes="0" methods="0" coveredmethods="0" conditionals="0" coveredconditionals="0" statements="34" coveredstatements="34" elements="34" coveredelements="34"/>
    </file>
    <package name="App\Jobs">
      <file name="/Users/brnbp/Code/podcast/podty-api/app/Jobs/Job.php">
        <class name="Job" namespace="App\Jobs">
          <metrics methods="0" coveredmethods="0" conditionals="0" coveredconditionals="0" statements="0" coveredstatements="0" elements="0" coveredelements="0"/>
        </class>
        <metrics loc="21" ncloc="11" classes="1" methods="0" coveredmethods="0" conditionals="0" coveredconditionals="0" statements="0" coveredstatements="0" elements="0" coveredelements="0"/>
      </file>
      <file name="/Users/brnbp/Code/podcast/podty-api/app/Jobs/RegisterEpisodesFeed.php">
        <class name="RegisterEpisodesFeed" namespace="App\Jobs" fullPackage="App" package="App">
          <metrics methods="2" coveredmethods="0" conditionals="0" coveredconditionals="0" statements="7" coveredstatements="0" elements="9" coveredelements="0"/>
        </class>
        <line num="29" type="method" name="__construct" crap="2" count="0"/>
        <line num="30" type="stmt" count="0"/>
        <line num="31" type="stmt" count="0"/>
        <line num="32" type="stmt" count="0"/>
        <line num="33" type="stmt" count="0"/>
        <line num="39" type="method" name="handle" crap="2" count="0"/>
        <line num="40" type="stmt" count="0"/>
        <line num="41" type="stmt" count="0"/>
        <line num="42" type="stmt" count="0"/>
        <metrics loc="43" ncloc="29" classes="1" methods="2" coveredmethods="0" conditionals="0" coveredconditionals="0" statements="7" coveredstatements="0" elements="9" coveredelements="0"/>
      </file>
      <file name="/Users/brnbp/Code/podcast/podty-api/app/Jobs/SearchNewFeed.php">
        <class name="SearchNewFeed" namespace="App\Jobs">
          <metrics methods="2" coveredmethods="1" conditionals="0" coveredconditionals="0" statements="4" coveredstatements="2" elements="6" coveredelements="3"/>
        </class>
        <line num="16" type="method" name="__construct" crap="1" count="1"/>
        <line num="18" type="stmt" count="1"/>
        <line num="19" type="stmt" count="1"/>
        <line num="21" type="method" name="handle" crap="2" count="0"/>
        <line num="23" type="stmt" count="0"/>
        <line num="24" type="stmt" count="0"/>
        <metrics loc="25" ncloc="24" classes="1" methods="2" coveredmethods="1" conditionals="0" coveredconditionals="0" statements="4" coveredstatements="2" elements="6" coveredelements="3"/>
      </file>
      <file name="/Users/brnbp/Code/podcast/podty-api/app/Jobs/UpdateLastEpisodeFeed.php">
        <class name="UpdateLastEpisodeFeed" namespace="App\Jobs">
          <metrics methods="2" coveredmethods="0" conditionals="0" coveredconditionals="0" statements="8" coveredstatements="0" elements="10" coveredelements="0"/>
        </class>
        <line num="23" type="method" name="handle" crap="2" count="0"/>
        <line num="24" type="stmt" count="0"/>
        <line num="25" type="stmt" count="0"/>
        <line num="27" type="stmt" count="0"/>
        <line num="28" type="stmt" count="0"/>
        <line num="29" type="stmt" count="0"/>
        <line num="30" type="method" name="anonymous function" crap="2" count="0"/>
        <line num="31" type="stmt" count="0"/>
        <line num="32" type="stmt" count="0"/>
        <line num="33" type="stmt" count="0"/>
        <line num="34" type="stmt" count="0"/>
        <metrics loc="35" ncloc="31" classes="1" methods="2" coveredmethods="0" conditionals="0" coveredconditionals="0" statements="9" coveredstatements="0" elements="11" coveredelements="0"/>
      </file>
    </package>
    <package name="App\Models">
      <file name="/Users/brnbp/Code/podcast/podty-api/app/Models/Customer.php">
        <class name="Customer" namespace="App\Models">
          <metrics methods="0" coveredmethods="0" conditionals="0" coveredconditionals="0" statements="0" coveredstatements="0" elements="0" coveredelements="0"/>
        </class>
        <metrics loc="29" ncloc="19" classes="1" methods="0" coveredmethods="0" conditionals="0" coveredconditionals="0" statements="0" coveredstatements="0" elements="0" coveredelements="0"/>
      </file>
      <file name="/Users/brnbp/Code/podcast/podty-api/app/Models/Episode.php">
        <class name="Episode" namespace="App\Models">
          <metrics methods="1" coveredmethods="1" conditionals="0" coveredconditionals="0" statements="1" coveredstatements="1" elements="2" coveredelements="2"/>
        </class>
        <line num="40" type="method" name="feed" crap="1" count="9"/>
        <line num="42" type="stmt" count="9"/>
        <metrics loc="92" ncloc="72" classes="1" methods="1" coveredmethods="1" conditionals="0" coveredconditionals="0" statements="1" coveredstatements="1" elements="2" coveredelements="2"/>
      </file>
      <file name="/Users/brnbp/Code/podcast/podty-api/app/Models/Feed.php">
        <class name="Feed" namespace="App\Models">
          <metrics methods="7" coveredmethods="1" conditionals="0" coveredconditionals="0" statements="18" coveredstatements="1" elements="25" coveredelements="2"/>
        </class>
        <line num="38" type="method" name="episodes" crap="1" count="19"/>
        <line num="40" type="stmt" count="19"/>
        <line num="43" type="method" name="persist" crap="6" count="0"/>
        <line num="45" type="stmt" count="0"/>
        <line num="47" type="stmt" count="0"/>
        <line num="48" type="stmt" count="0"/>
        <line num="51" type="stmt" count="0"/>
        <line num="53" type="stmt" count="0"/>
        <line num="61" type="method" name="createFeeds" crap="12" count="0"/>
        <line num="63" type="stmt" count="0"/>
        <line num="64" type="stmt" count="0"/>
        <line num="66" type="stmt" count="0"/>
        <line num="67" type="stmt" count="0"/>
        <line num="72" type="stmt" count="0"/>
        <line num="74" type="stmt" count="0"/>
        <line num="81" type="method" name="cronSearchForNewEpisodes" crap="6" count="0"/>
        <line num="83" type="stmt" count="0"/>
        <line num="84" type="stmt" count="0"/>
        <line num="87" type="method" name="anonymous function" crap="2" count="0"/>
        <line num="92" type="stmt" count="0"/>
        <line num="93" type="stmt" count="0"/>
        <line num="99" type="method" name="cronUpdateLastEpisodeAt" crap="2" count="0"/>
        <line num="101" type="stmt" count="0"/>
        <line num="102" type="stmt" count="0"/>
        <line num="104" type="method" name="slugfy" crap="2" count="0"/>
        <line num="106" type="stmt" count="0"/>
        <metrics loc="108" ncloc="84" classes="1" methods="7" coveredmethods="1" conditionals="0" coveredconditionals="0" statements="19" coveredstatements="1" elements="26" coveredelements="2"/>
      </file>
      <file name="/Users/brnbp/Code/podcast/podty-api/app/Models/User.php">
        <class name="User" namespace="App\Models">
          <metrics methods="4" coveredmethods="4" conditionals="0" coveredconditionals="0" statements="4" coveredstatements="4" elements="8" coveredelements="8"/>
        </class>
        <line num="18" type="method" name="feeds" crap="1" count="16"/>
        <line num="20" type="stmt" count="16"/>
        <line num="23" type="method" name="friends" crap="1" count="6"/>
        <line num="25" type="stmt" count="6"/>
        <line num="28" type="method" name="favorites" crap="1" count="5"/>
        <line num="30" type="stmt" count="5"/>
        <line num="33" type="method" name="getRouteKeyName" crap="1" count="49"/>
        <line num="35" type="stmt" count="49"/>
        <metrics loc="37" ncloc="37" classes="1" methods="4" coveredmethods="4" conditionals="0" coveredconditionals="0" statements="4" coveredstatements="4" elements="8" coveredelements="8"/>
      </file>
      <file name="/Users/brnbp/Code/podcast/podty-api/app/Models/UserEpisode.php">
        <class name="UserEpisode" namespace="App\Models">
          <metrics methods="1" coveredmethods="1" conditionals="0" coveredconditionals="0" statements="1" coveredstatements="1" elements="2" coveredelements="2"/>
        </class>
        <line num="23" type="method" name="episode" crap="1" count="1"/>
        <line num="25" type="stmt" count="1"/>
        <metrics loc="27" ncloc="27" classes="1" methods="1" coveredmethods="1" conditionals="0" coveredconditionals="0" statements="1" coveredstatements="1" elements="2" coveredelements="2"/>
      </file>
      <file name="/Users/brnbp/Code/podcast/podty-api/app/Models/UserFavorite.php">
        <class name="UserFavorite" namespace="App\Models">
          <metrics methods="2" coveredmethods="2" conditionals="0" coveredconditionals="0" statements="2" coveredstatements="2" elements="4" coveredelements="4"/>
        </class>
        <line num="16" type="method" name="episode" crap="1" count="1"/>
        <line num="18" type="stmt" count="1"/>
        <line num="21" type="method" name="feed" crap="1" count="1"/>
        <line num="23" type="stmt" count="1"/>
        <metrics loc="25" ncloc="25" classes="1" methods="2" coveredmethods="2" conditionals="0" coveredconditionals="0" statements="2" coveredstatements="2" elements="4" coveredelements="4"/>
      </file>
      <file name="/Users/brnbp/Code/podcast/podty-api/app/Models/UserFeed.php">
        <class name="UserFeed" namespace="App\Models">
          <metrics methods="3" coveredmethods="3" conditionals="0" coveredconditionals="0" statements="3" coveredstatements="3" elements="6" coveredelements="6"/>
        </class>
        <line num="14" type="method" name="user" crap="1" count="9"/>
        <line num="16" type="stmt" count="9"/>
        <line num="19" type="method" name="feed" crap="1" count="12"/>
        <line num="21" type="stmt" count="12"/>
        <line num="24" type="method" name="episodes" crap="1" count="5"/>
        <line num="26" type="stmt" count="5"/>
        <metrics loc="28" ncloc="28" classes="1" methods="3" coveredmethods="3" conditionals="0" coveredconditionals="0" statements="3" coveredstatements="3" elements="6" coveredelements="6"/>
      </file>
      <file name="/Users/brnbp/Code/podcast/podty-api/app/Models/UserFriend.php">
        <class name="UserFriend" namespace="App\Models">
          <metrics methods="1" coveredmethods="1" conditionals="0" coveredconditionals="0" statements="1" coveredstatements="1" elements="2" coveredelements="2"/>
        </class>
        <line num="17" type="method" name="friend" crap="1" count="4"/>
        <line num="19" type="stmt" count="4"/>
        <metrics loc="21" ncloc="21" classes="1" methods="1" coveredmethods="1" conditionals="0" coveredconditionals="0" statements="1" coveredstatements="1" elements="2" coveredelements="2"/>
      </file>
    </package>
    <package name="App\Providers">
      <file name="/Users/brnbp/Code/podcast/podty-api/app/Providers/AppServiceProvider.php">
        <class name="AppServiceProvider" namespace="App\Providers">
          <metrics methods="2" coveredmethods="1" conditionals="0" coveredconditionals="0" statements="4" coveredstatements="3" elements="6" coveredelements="4"/>
        </class>
        <line num="14" type="method" name="boot" crap="1" count="132"/>
        <line num="17" type="stmt" count="132"/>
        <line num="24" type="method" name="register" crap="2.15" count="132"/>
        <line num="26" type="stmt" count="132"/>
        <line num="27" type="stmt" count="0"/>
        <line num="29" type="stmt" count="132"/>
        <metrics loc="30" ncloc="18" classes="1" methods="2" coveredmethods="1" conditionals="0" coveredconditionals="0" statements="4" coveredstatements="3" elements="6" coveredelements="4"/>
      </file>
      <file name="/Users/brnbp/Code/podcast/podty-api/app/Providers/AuthServiceProvider.php">
        <class name="AuthServiceProvider" namespace="App\Providers">
          <metrics methods="1" coveredmethods="1" conditionals="0" coveredconditionals="0" statements="2" coveredstatements="2" elements="3" coveredelements="3"/>
        </class>
        <line num="25" type="method" name="boot" crap="1" count="132"/>
        <line num="27" type="stmt" count="132"/>
        <line num="30" type="stmt" count="132"/>
        <metrics loc="31" ncloc="18" classes="1" methods="1" coveredmethods="1" conditionals="0" coveredconditionals="0" statements="2" coveredstatements="2" elements="3" coveredelements="3"/>
      </file>
      <file name="/Users/brnbp/Code/podcast/podty-api/app/Providers/EventServiceProvider.php">
        <class name="EventServiceProvider" namespace="App\Providers">
          <metrics methods="1" coveredmethods="1" conditionals="0" coveredconditionals="0" statements="2" coveredstatements="2" elements="3" coveredelements="3"/>
        </class>
        <line num="23" type="method" name="boot" crap="1" count="132"/>
        <line num="25" type="stmt" count="132"/>
        <line num="28" type="stmt" count="132"/>
        <metrics loc="29" ncloc="16" classes="1" methods="1" coveredmethods="1" conditionals="0" coveredconditionals="0" statements="2" coveredstatements="2" elements="3" coveredelements="3"/>
      </file>
      <file name="/Users/brnbp/Code/podcast/podty-api/app/Providers/RouteServiceProvider.php">
        <class name="RouteServiceProvider" namespace="App\Providers">
          <metrics methods="2" coveredmethods="2" conditionals="0" coveredconditionals="0" statements="4" coveredstatements="4" elements="6" coveredelements="6"/>
        </class>
        <line num="25" type="method" name="boot" crap="1" count="132"/>
        <line num="29" type="stmt" count="132"/>
        <line num="30" type="stmt" count="132"/>
        <line num="40" type="method" name="anonymous function" crap="1" count="132"/>
        <line num="41" type="stmt" count="132"/>
        <line num="42" type="stmt" count="132"/>
        <line num="43" type="stmt" count="132"/>
        <metrics loc="44" ncloc="23" classes="1" methods="2" coveredmethods="2" conditionals="0" coveredconditionals="0" statements="5" coveredstatements="5" elements="7" coveredelements="7"/>
      </file>
    </package>
    <package name="App\Repositories">
      <file name="/Users/brnbp/Code/podcast/podty-api/app/Repositories/EpisodesRepository.php">
        <class name="EpisodesRepository" namespace="App\Repositories">
          <metrics methods="8" coveredmethods="2" conditionals="0" coveredconditionals="0" statements="31" coveredstatements="13" elements="39" coveredelements="15"/>
        </class>
        <line num="14" type="method" name="first" crap="2" count="0"/>
        <line num="16" type="stmt" count="0"/>
        <line num="19" type="method" name="one" crap="2" count="0"/>
        <line num="21" type="stmt" count="0"/>
        <line num="24" type="method" name="exists" crap="6" count="0"/>
        <line num="26" type="stmt" count="0"/>
        <line num="29" type="method" name="retrieveByFeed" crap="2" count="19"/>
        <line num="31" type="stmt" count="19"/>
        <line num="32" type="stmt" count="19"/>
        <line num="33" type="stmt" count="19"/>
        <line num="34" type="stmt" count="19"/>
        <line num="35" type="stmt" count="19"/>
        <line num="36" type="stmt" count="19"/>
        <line num="38" type="stmt" count="19"/>
        <line num="39" type="stmt" count="8"/>
        <line num="42" type="stmt" count="11"/>
        <line num="48" type="method" name="getTotalEpisodes" crap="2" count="0"/>
        <line num="50" type="stmt" count="0"/>
        <line num="53" type="method" name="latests" crap="1" count="2"/>
        <line num="55" type="stmt" count="2"/>
        <line num="56" type="stmt" count="2"/>
        <line num="57" type="stmt" count="2"/>
        <line num="58" type="stmt" count="2"/>
        <line num="61" type="method" name="save" crap="6" count="0"/>
        <line num="63" type="stmt" count="0"/>
        <line num="64" type="stmt" count="0"/>
        <line num="65" type="stmt" count="0"/>
        <line num="66" type="stmt" count="0"/>
        <line num="68" type="stmt" count="0"/>
        <line num="70" type="stmt" count="0"/>
        <line num="74" type="stmt" count="0"/>
        <line num="77" type="method" name="updateAllUsersWhoFollowsIt" crap="6" count="0"/>
        <line num="79" type="stmt" count="0"/>
        <line num="81" type="stmt" count="0"/>
        <line num="82" type="stmt" count="0"/>
        <line num="83" type="stmt" count="0"/>
        <line num="84" type="stmt" count="0"/>
        <line num="85" type="stmt" count="0"/>
        <line num="88" type="stmt" count="0"/>
        <metrics loc="89" ncloc="86" classes="1" methods="8" coveredmethods="2" conditionals="0" coveredconditionals="0" statements="31" coveredstatements="13" elements="39" coveredelements="15"/>
      </file>
      <file name="/Users/brnbp/Code/podcast/podty-api/app/Repositories/FeedRepository.php">
        <class name="FeedRepository" namespace="App\Repositories">
          <metrics methods="12" coveredmethods="6" conditionals="0" coveredconditionals="0" statements="36" coveredstatements="21" elements="48" coveredelements="27"/>
        </class>
        <line num="10" type="method" name="findByName" crap="1" count="2"/>
        <line num="12" type="stmt" count="2"/>
        <line num="13" type="stmt" count="2"/>
        <line num="14" type="stmt" count="2"/>
        <line num="15" type="stmt" count="2"/>
        <line num="18" type="method" name="all" crap="2" count="0"/>
        <line num="20" type="stmt" count="0"/>
        <line num="23" type="method" name="findById" crap="2" count="0"/>
        <line num="25" type="stmt" count="0"/>
        <line num="32" type="method" name="latests" crap="1" count="2"/>
        <line num="34" type="stmt" count="2"/>
        <line num="35" type="stmt" count="2"/>
        <line num="36" type="stmt" count="2"/>
        <line num="39" type="method" name="top" crap="1" count="2"/>
        <line num="42" type="stmt" count="2"/>
        <line num="43" type="stmt" count="2"/>
        <line num="44" type="stmt" count="2"/>
        <line num="45" type="stmt" count="2"/>
        <line num="46" type="stmt" count="2"/>
        <line num="49" type="method" name="totalEpisodes" crap="2" count="0"/>
        <line num="51" type="stmt" count="0"/>
        <line num="54" type="method" name="updateOrCreate" crap="6" count="0"/>
        <line num="56" type="stmt" count="0"/>
        <line num="57" type="stmt" count="0"/>
        <line num="60" type="stmt" count="0"/>
        <line num="61" type="stmt" count="0"/>
        <line num="62" type="stmt" count="0"/>
        <line num="65" type="stmt" count="0"/>
        <line num="68" type="method" name="updateTotalEpisodes" crap="2" count="0"/>
        <line num="70" type="stmt" count="0"/>
        <line num="71" type="stmt" count="0"/>
        <line num="73" type="stmt" count="0"/>
        <line num="75" type="method" name="updateLastEpisodeDate" crap="2" count="0"/>
        <line num="77" type="stmt" count="0"/>
        <line num="78" type="stmt" count="0"/>
        <line num="80" type="stmt" count="0"/>
        <line num="82" type="method" name="incrementsListeners" crap="1" count="9"/>
        <line num="84" type="stmt" count="9"/>
        <line num="85" type="stmt" count="9"/>
        <line num="88" type="method" name="decrementsListeners" crap="1" count="2"/>
        <line num="90" type="stmt" count="2"/>
        <line num="91" type="stmt" count="2"/>
        <line num="96" type="method" name="anonymous function" crap="1" count="2"/>
        <line num="97" type="stmt" count="2"/>
        <line num="98" type="stmt" count="2"/>
        <line num="99" type="stmt" count="2"/>
        <line num="100" type="stmt" count="2"/>
        <line num="101" type="stmt" count="2"/>
        <metrics loc="103" ncloc="99" classes="1" methods="12" coveredmethods="6" conditionals="0" coveredconditionals="0" statements="36" coveredstatements="21" elements="48" coveredelements="27"/>
      </file>
      <file name="/Users/brnbp/Code/podcast/podty-api/app/Repositories/UserEpisodesRepository.php">
        <class name="UserEpisodesRepository" namespace="App\Repositories">
          <metrics methods="13" coveredmethods="13" conditionals="0" coveredconditionals="0" statements="52" coveredstatements="52" elements="65" coveredelements="65"/>
        </class>
        <line num="15" type="method" name="retrieve" crap="1" count="4"/>
        <line num="17" type="stmt" count="4"/>
        <line num="19" type="stmt" count="4"/>
        <line num="21" type="stmt" count="1"/>
        <line num="22" type="stmt" count="1"/>
        <line num="23" type="stmt" count="1"/>
        <line num="24" type="stmt" count="3"/>
        <line num="25" type="stmt" count="4"/>
        <line num="28" type="method" name="latests" crap="1" count="1"/>
        <line num="30" type="stmt" count="1"/>
        <line num="31" type="stmt" count="1"/>
        <line num="34" type="stmt" count="1"/>
        <line num="35" type="stmt" count="1"/>
        <line num="36" type="stmt" count="1"/>
        <line num="37" type="stmt" count="1"/>
        <line num="38" type="stmt" count="1"/>
        <line num="39" type="stmt" count="1"/>
        <line num="40" type="stmt" count="1"/>
        <line num="41" type="stmt" count="1"/>
        <line num="42" type="stmt" count="1"/>
        <line num="43" type="stmt" count="1"/>
        <line num="46" type="method" name="first" crap="1" count="2"/>
        <line num="48" type="stmt" count="2"/>
        <line num="49" type="stmt" count="2"/>
        <line num="50" type="stmt" count="2"/>
        <line num="53" type="method" name="create" crap="1" count="5"/>
        <line num="55" type="stmt" count="5"/>
        <line num="56" type="stmt" count="5"/>
        <line num="57" type="stmt" count="5"/>
        <line num="61" type="method" name="batchCreate" crap="2" count="4"/>
        <line num="63" type="stmt" count="4"/>
        <line num="64" type="stmt" count="4"/>
        <line num="66" type="stmt" count="4"/>
        <line num="68" type="method" name="delete" crap="1" count="1"/>
        <line num="70" type="stmt" count="1"/>
        <line num="72" type="stmt" count="1"/>
        <line num="75" type="method" name="count" crap="1" count="2"/>
        <line num="77" type="stmt" count="2"/>
        <line num="80" type="method" name="hasEpisodes" crap="2" count="2"/>
        <line num="82" type="stmt" count="2"/>
        <line num="85" type="method" name="deleteAll" crap="1" count="1"/>
        <line num="87" type="stmt" count="1"/>
        <line num="90" type="method" name="markAsPaused" crap="1" count="2"/>
        <line num="92" type="stmt" count="2"/>
        <line num="93" type="stmt" count="2"/>
        <line num="94" type="stmt" count="2"/>
        <line num="97" type="method" name="createAllEpisodesFromUserFeed" crap="2" count="9"/>
        <line num="99" type="stmt" count="9"/>
        <line num="100" type="stmt" count="9"/>
        <line num="102" type="stmt" count="9"/>
        <line num="104" type="stmt" count="9"/>
        <line num="105" type="stmt" count="5"/>
        <line num="108" type="method" name="anonymous function" crap="1" count="4"/>
        <line num="110" type="stmt" count="4"/>
        <line num="111" type="stmt" count="4"/>
        <line num="112" type="stmt" count="4"/>
        <line num="114" type="stmt" count="4"/>
        <line num="116" type="stmt" count="4"/>
        <line num="117" type="stmt" count="4"/>
        <line num="119" type="method" name="listening" crap="1" count="3"/>
        <line num="121" type="stmt" count="3"/>
        <line num="122" type="stmt" count="3"/>
        <line num="123" type="stmt" count="3"/>
        <line num="124" type="stmt" count="3"/>
        <line num="125" type="stmt" count="3"/>
        <line num="126" type="stmt" count="3"/>
        <line num="127" type="stmt" count="3"/>
        <metrics loc="129" ncloc="129" classes="1" methods="13" coveredmethods="13" conditionals="0" coveredconditionals="0" statements="54" coveredstatements="54" elements="67" coveredelements="67"/>
      </file>
      <file name="/Users/brnbp/Code/podcast/podty-api/app/Repositories/UserFavoritesRepository.php">
        <class name="UserFavoritesRepository" namespace="App\Repositories">
          <metrics methods="3" coveredmethods="3" conditionals="0" coveredconditionals="0" statements="9" coveredstatements="9" elements="12" coveredelements="12"/>
        </class>
        <line num="10" type="method" name="create" crap="1" count="3"/>
        <line num="12" type="stmt" count="3"/>
        <line num="14" type="stmt" count="3"/>
        <line num="15" type="stmt" count="3"/>
        <line num="16" type="stmt" count="3"/>
        <line num="17" type="stmt" count="3"/>
        <line num="21" type="method" name="delete" crap="2" count="2"/>
        <line num="23" type="stmt" count="2"/>
        <line num="25" type="stmt" count="2"/>
        <line num="30" type="method" name="anonymous function" crap="1" count="2"/>
        <line num="31" type="stmt" count="2"/>
        <line num="32" type="stmt" count="2"/>
        <metrics loc="34" ncloc="34" classes="1" methods="3" coveredmethods="3" conditionals="0" coveredconditionals="0" statements="9" coveredstatements="9" elements="12" coveredelements="12"/>
      </file>
      <file name="/Users/brnbp/Code/podcast/podty-api/app/Repositories/UserFeedsRepository.php">
        <class name="UserFeedsRepository" namespace="App\Repositories">
          <metrics methods="9" coveredmethods="7" conditionals="0" coveredconditionals="0" statements="47" coveredstatements="43" elements="56" coveredelements="50"/>
        </class>
        <line num="12" type="method" name="all" crap="1" count="2"/>
        <line num="15" type="stmt" count="2"/>
        <line num="16" type="stmt" count="2"/>
        <line num="17" type="stmt" count="2"/>
        <line num="18" type="stmt" count="2"/>
        <line num="23" type="method" name="anonymous function" crap="1" count="3"/>
        <line num="24" type="stmt" count="3"/>
        <line num="25" type="stmt" count="3"/>
        <line num="26" type="stmt" count="3"/>
        <line num="27" type="stmt" count="3"/>
        <line num="30" type="method" name="first" crap="1" count="10"/>
        <line num="32" type="stmt" count="10"/>
        <line num="35" type="method" name="create" crap="2.00" count="9"/>
        <line num="37" type="stmt" count="9"/>
        <line num="38" type="stmt" count="9"/>
        <line num="39" type="stmt" count="9"/>
        <line num="42" type="stmt" count="9"/>
        <line num="43" type="stmt" count="0"/>
        <line num="46" type="stmt" count="9"/>
        <line num="47" type="stmt" count="9"/>
        <line num="48" type="stmt" count="9"/>
        <line num="49" type="stmt" count="9"/>
        <line num="51" type="stmt" count="9"/>
        <line num="53" type="stmt" count="9"/>
        <line num="55" type="stmt" count="9"/>
        <line num="58" type="method" name="batchCreate" crap="6" count="0"/>
        <line num="60" type="stmt" count="0"/>
        <line num="61" type="stmt" count="0"/>
        <line num="63" type="stmt" count="0"/>
        <line num="65" type="method" name="delete" crap="1" count="2"/>
        <line num="67" type="stmt" count="2"/>
        <line num="69" type="stmt" count="2"/>
        <line num="70" type="stmt" count="2"/>
        <line num="72" type="stmt" count="2"/>
        <line num="73" type="stmt" count="2"/>
        <line num="74" type="stmt" count="2"/>
        <line num="76" type="stmt" count="2"/>
        <line num="79" type="method" name="markAllListened" crap="1" count="11"/>
        <line num="81" type="stmt" count="11"/>
        <line num="84" type="method" name="markAllNotListened" crap="1" count="9"/>
        <line num="86" type="stmt" count="9"/>
        <line num="87" type="stmt" count="9"/>
        <line num="89" type="method" name="buildQuery" crap="1" count="5"/>
        <line num="91" type="stmt" count="5"/>
        <line num="92" type="stmt" count="5"/>
        <line num="93" type="stmt" count="5"/>
        <line num="94" type="stmt" count="5"/>
        <line num="95" type="stmt" count="5"/>
        <line num="96" type="stmt" count="5"/>
        <line num="97" type="stmt" count="5"/>
        <line num="98" type="stmt" count="5"/>
        <line num="99" type="stmt" count="5"/>
        <line num="100" type="stmt" count="5"/>
        <line num="101" type="stmt" count="5"/>
        <line num="102" type="stmt" count="5"/>
        <line num="103" type="stmt" count="5"/>
        <metrics loc="106" ncloc="106" classes="1" methods="9" coveredmethods="7" conditionals="0" coveredconditionals="0" statements="47" coveredstatements="43" elements="56" coveredelements="50"/>
      </file>
      <file name="/Users/brnbp/Code/podcast/podty-api/app/Repositories/UserFriendsRepository.php">
        <class name="UserFriendsRepository" namespace="App\Repositories">
          <metrics methods="3" coveredmethods="3" conditionals="0" coveredconditionals="0" statements="10" coveredstatements="10" elements="13" coveredelements="13"/>
        </class>
        <line num="11" type="method" name="follow" crap="1" count="4"/>
        <line num="13" type="stmt" count="4"/>
        <line num="14" type="stmt" count="4"/>
        <line num="15" type="stmt" count="4"/>
        <line num="18" type="stmt" count="4"/>
        <line num="21" type="method" name="unfollow" crap="1" count="2"/>
        <line num="23" type="stmt" count="2"/>
        <line num="24" type="stmt" count="2"/>
        <line num="25" type="stmt" count="2"/>
        <line num="28" type="method" name="newestFollowers" crap="1" count="1"/>
        <line num="30" type="stmt" count="1"/>
        <line num="31" type="stmt" count="1"/>
        <line num="32" type="stmt" count="1"/>
        <metrics loc="34" ncloc="34" classes="1" methods="3" coveredmethods="3" conditionals="0" coveredconditionals="0" statements="10" coveredstatements="10" elements="13" coveredelements="13"/>
      </file>
      <file name="/Users/brnbp/Code/podcast/podty-api/app/Repositories/UserRepository.php">
        <class name="UserRepository" namespace="App\Repositories">
          <metrics methods="8" coveredmethods="6" conditionals="0" coveredconditionals="0" statements="20" coveredstatements="15" elements="28" coveredelements="21"/>
        </class>
        <line num="10" type="method" name="create" crap="1" count="1"/>
        <line num="12" type="stmt" count="1"/>
        <line num="13" type="stmt" count="1"/>
        <line num="14" type="stmt" count="1"/>
        <line num="15" type="stmt" count="1"/>
        <line num="16" type="stmt" count="1"/>
        <line num="17" type="stmt" count="1"/>
        <line num="20" type="stmt" count="1"/>
        <line num="22" type="stmt" count="1"/>
        <line num="25" type="method" name="verifyAuthentication" crap="2" count="0"/>
        <line num="27" type="stmt" count="0"/>
        <line num="28" type="stmt" count="0"/>
        <line num="29" type="stmt" count="0"/>
        <line num="31" type="stmt" count="0"/>
        <line num="34" type="method" name="first" crap="1" count="6"/>
        <line num="36" type="stmt" count="6"/>
        <line num="42" type="method" name="anonymous function" crap="1" count="1"/>
        <line num="44" type="stmt" count="1"/>
        <line num="46" type="stmt" count="1"/>
        <line num="47" type="stmt" count="0"/>
        <line num="48" type="stmt" count="0"/>
        <line num="51" type="stmt" count="1"/>
        <line num="54" type="method" name="incrementsPodcastsCount" crap="2.15" count="9"/>
        <line num="56" type="stmt" count="9"/>
        <line num="57" type="stmt" count="9"/>
        <line num="59" type="stmt" count="0"/>
        <line num="61" type="method" name="decrementsPodcastCount" crap="1" count="2"/>
        <line num="63" type="stmt" count="2"/>
        <line num="66" type="method" name="incrementsFriendsCount" crap="1" count="3"/>
        <line num="68" type="stmt" count="3"/>
        <line num="71" type="method" name="decrementsFriendsCount" crap="1" count="1"/>
        <line num="73" type="stmt" count="1"/>
        <metrics loc="75" ncloc="75" classes="1" methods="8" coveredmethods="6" conditionals="0" coveredconditionals="0" statements="24" coveredstatements="17" elements="32" coveredelements="23"/>
      </file>
    </package>
    <package name="App\Services\Itunes">
      <file name="/Users/brnbp/Code/podcast/podty-api/app/Services/Itunes/Finder.php">
        <class name="Finder" namespace="App\Services\Itunes" fullPackage="App" package="App">
          <metrics methods="9" coveredmethods="0" conditionals="0" coveredconditionals="0" statements="54" coveredstatements="0" elements="63" coveredelements="0"/>
        </class>
        <line num="41" type="method" name="__construct" crap="2" count="0"/>
        <line num="42" type="stmt" count="0"/>
        <line num="43" type="stmt" count="0"/>
        <line num="44" type="stmt" count="0"/>
        <line num="45" type="stmt" count="0"/>
        <line num="47" type="method" name="first" crap="2" count="0"/>
        <line num="48" type="stmt" count="0"/>
        <line num="49" type="stmt" count="0"/>
        <line num="50" type="stmt" count="0"/>
        <line num="51" type="stmt" count="0"/>
        <line num="52" type="stmt" count="0"/>
        <line num="54" type="method" name="all" crap="2" count="0"/>
        <line num="55" type="stmt" count="0"/>
        <line num="56" type="stmt" count="0"/>
        <line num="57" type="stmt" count="0"/>
        <line num="58" type="stmt" count="0"/>
        <line num="60" type="method" name="obtain" crap="6" count="0"/>
        <line num="61" type="stmt" count="0"/>
        <line num="62" type="stmt" count="0"/>
        <line num="64" type="stmt" count="0"/>
        <line num="65" type="stmt" count="0"/>
        <line num="67" type="method" name="makeRequest" crap="2" count="0"/>
        <line num="68" type="stmt" count="0"/>
        <line num="69" type="stmt" count="0"/>
        <line num="70" type="stmt" count="0"/>
        <line num="71" type="stmt" count="0"/>
        <line num="72" type="stmt" count="0"/>
        <line num="73" type="stmt" count="0"/>
        <line num="74" type="stmt" count="0"/>
        <line num="75" type="stmt" count="0"/>
        <line num="76" type="stmt" count="0"/>
        <line num="78" type="method" name="getProperties" crap="2" count="0"/>
        <line num="79" type="stmt" count="0"/>
        <line num="80" type="stmt" count="0"/>
        <line num="81" type="stmt" count="0"/>
        <line num="82" type="stmt" count="0"/>
        <line num="83" type="stmt" count="0"/>
        <line num="85" type="method" name="treatResponse" crap="2" count="0"/>
        <line num="86" type="stmt" count="0"/>
        <line num="87" type="stmt" count="0"/>
        <line num="89" type="stmt" count="0"/>
        <line num="90" type="stmt" count="0"/>
        <line num="91" type="stmt" count="0"/>
        <line num="93" type="method" name="filterResults" crap="12" count="0"/>
        <line num="94" type="stmt" count="0"/>
        <line num="95" type="stmt" count="0"/>
        <line num="96" type="stmt" count="0"/>
        <line num="97" type="stmt" count="0"/>
        <line num="99" type="stmt" count="0"/>
        <line num="100" type="stmt" count="0"/>
        <line num="101" type="stmt" count="0"/>
        <line num="102" type="stmt" count="0"/>
        <line num="104" type="method" name="transform" crap="2" count="0"/>
        <line num="105" type="stmt" count="0"/>
        <line num="106" type="stmt" count="0"/>
        <line num="107" type="stmt" count="0"/>
        <line num="108" type="stmt" count="0"/>
        <line num="109" type="stmt" count="0"/>
        <line num="110" type="stmt" count="0"/>
        <line num="111" type="stmt" count="0"/>
        <line num="112" type="stmt" count="0"/>
        <line num="113" type="stmt" count="0"/>
        <line num="114" type="stmt" count="0"/>
        <metrics loc="116" ncloc="110" classes="1" methods="9" coveredmethods="0" conditionals="0" coveredconditionals="0" statements="54" coveredstatements="0" elements="63" coveredelements="0"/>
      </file>
    </package>
    <package name="App\Services\Parser">
      <file name="/Users/brnbp/Code/podcast/podty-api/app/Services/Parser/XML.php">
        <class name="XML" namespace="App\Services\Parser" fullPackage="App" package="App">
          <metrics methods="4" coveredmethods="0" conditionals="0" coveredconditionals="0" statements="39" coveredstatements="0" elements="43" coveredelements="0"/>
        </class>
        <line num="35" type="method" name="__construct" crap="2" count="0"/>
        <line num="36" type="stmt" count="0"/>
        <line num="37" type="stmt" count="0"/>
        <line num="38" type="stmt" count="0"/>
        <line num="45" type="method" name="retrieve" crap="20" count="0"/>
        <line num="46" type="stmt" count="0"/>
        <line num="47" type="stmt" count="0"/>
        <line num="49" type="stmt" count="0"/>
        <line num="50" type="stmt" count="0"/>
        <line num="51" type="stmt" count="0"/>
        <line num="53" type="stmt" count="0"/>
        <line num="54" type="stmt" count="0"/>
        <line num="56" type="stmt" count="0"/>
        <line num="57" type="stmt" count="0"/>
        <line num="58" type="stmt" count="0"/>
        <line num="59" type="stmt" count="0"/>
        <line num="60" type="stmt" count="0"/>
        <line num="61" type="stmt" count="0"/>
        <line num="62" type="stmt" count="0"/>
        <line num="63" type="stmt" count="0"/>
        <line num="64" type="stmt" count="0"/>
        <line num="65" type="stmt" count="0"/>
        <line num="66" type="stmt" count="0"/>
        <line num="68" type="stmt" count="0"/>
        <line num="69" type="stmt" count="0"/>
        <line num="71" type="method" name="removeCDATA" crap="2" count="0"/>
        <line num="72" type="stmt" count="0"/>
        <line num="73" type="stmt" count="0"/>
        <line num="74" type="stmt" count="0"/>
        <line num="80" type="method" name="getContent" crap="20" count="0"/>
        <line num="81" type="stmt" count="0"/>
        <line num="82" type="stmt" count="0"/>
        <line num="83" type="stmt" count="0"/>
        <line num="84" type="stmt" count="0"/>
        <line num="85" type="stmt" count="0"/>
        <line num="86" type="stmt" count="0"/>
        <line num="87" type="stmt" count="0"/>
        <line num="88" type="stmt" count="0"/>
        <line num="89" type="stmt" count="0"/>
        <line num="90" type="stmt" count="0"/>
        <line num="91" type="stmt" count="0"/>
        <line num="93" type="stmt" count="0"/>
        <line num="94" type="stmt" count="0"/>
        <metrics loc="95" ncloc="69" classes="1" methods="4" coveredmethods="0" conditionals="0" coveredconditionals="0" statements="39" coveredstatements="0" elements="43" coveredelements="0"/>
      </file>
    </package>
    <package name="App\Services">
      <file name="/Users/brnbp/Code/podcast/podty-api/app/Services/Password.php">
        <class name="Password" namespace="App\Services">
          <metrics methods="1" coveredmethods="1" conditionals="0" coveredconditionals="0" statements="1" coveredstatements="1" elements="2" coveredelements="2"/>
        </class>
        <line num="7" type="method" name="encrypt" crap="1" count="1"/>
        <line num="9" type="stmt" count="1"/>
        <metrics loc="11" ncloc="11" classes="1" methods="1" coveredmethods="1" conditionals="0" coveredconditionals="0" statements="1" coveredstatements="1" elements="2" coveredelements="2"/>
      </file>
      <file name="/Users/brnbp/Code/podcast/podty-api/app/Services/Queue.php">
        <class name="Queue" namespace="App\Services">
          <metrics methods="3" coveredmethods="0" conditionals="0" coveredconditionals="0" statements="10" coveredstatements="0" elements="13" coveredelements="0"/>
        </class>
        <line num="12" type="method" name="searchNewEpisodes" crap="2" count="0"/>
        <line num="13" type="stmt" count="0"/>
        <line num="14" type="stmt" count="0"/>
        <line num="15" type="stmt" count="0"/>
        <line num="17" type="method" name="updateLastEpisodeAt" crap="2" count="0"/>
        <line num="18" type="stmt" count="0"/>
        <line num="19" type="stmt" count="0"/>
        <line num="20" type="stmt" count="0"/>
        <line num="22" type="method" name="send" crap="2" count="0"/>
        <line num="23" type="stmt" count="0"/>
        <line num="24" type="stmt" count="0"/>
        <line num="25" type="stmt" count="0"/>
        <line num="26" type="stmt" count="0"/>
        <metrics loc="28" ncloc="28" classes="1" methods="3" coveredmethods="0" conditionals="0" coveredconditionals="0" statements="10" coveredstatements="0" elements="13" coveredelements="0"/>
      </file>
    </package>
    <package name="App\Transform">
      <file name="/Users/brnbp/Code/podcast/podty-api/app/Transform/EpisodeTransformer.php">
        <class name="EpisodeTransformer" namespace="App\Transform">
          <metrics methods="1" coveredmethods="1" conditionals="0" coveredconditionals="0" statements="11" coveredstatements="11" elements="12" coveredelements="12"/>
        </class>
        <line num="12" type="method" name="transform" crap="1" count="12"/>
        <line num="15" type="stmt" count="12"/>
        <line num="16" type="stmt" count="12"/>
        <line num="17" type="stmt" count="12"/>
        <line num="18" type="stmt" count="12"/>
        <line num="19" type="stmt" count="12"/>
        <line num="20" type="stmt" count="12"/>
        <line num="21" type="stmt" count="12"/>
        <line num="22" type="stmt" count="12"/>
        <line num="23" type="stmt" count="12"/>
        <line num="24" type="stmt" count="12"/>
        <line num="25" type="stmt" count="12"/>
        <metrics loc="28" ncloc="22" classes="1" methods="1" coveredmethods="1" conditionals="0" coveredconditionals="0" statements="11" coveredstatements="11" elements="12" coveredelements="12"/>
      </file>
      <file name="/Users/brnbp/Code/podcast/podty-api/app/Transform/FeedTransformer.php">
        <class name="FeedTransformer" namespace="App\Transform" fullPackage="App" package="App">
          <metrics methods="1" coveredmethods="1" conditionals="0" coveredconditionals="0" statements="11" coveredstatements="11" elements="12" coveredelements="12"/>
        </class>
        <line num="17" type="method" name="transform" crap="1" count="16"/>
        <line num="20" type="stmt" count="16"/>
        <line num="21" type="stmt" count="16"/>
        <line num="22" type="stmt" count="16"/>
        <line num="23" type="stmt" count="16"/>
        <line num="24" type="stmt" count="16"/>
        <line num="25" type="stmt" count="16"/>
        <line num="26" type="stmt" count="16"/>
        <line num="27" type="stmt" count="16"/>
        <line num="28" type="stmt" count="16"/>
        <line num="29" type="stmt" count="16"/>
        <line num="30" type="stmt" count="16"/>
        <metrics loc="35" ncloc="24" classes="1" methods="1" coveredmethods="1" conditionals="0" coveredconditionals="0" statements="11" coveredstatements="11" elements="12" coveredelements="12"/>
      </file>
      <file name="/Users/brnbp/Code/podcast/podty-api/app/Transform/TransformerAbstract.php">
        <class name="TransformerAbstract" namespace="App\Transform" fullPackage="App" package="App">
          <metrics methods="1" coveredmethods="1" conditionals="0" coveredconditionals="0" statements="1" coveredstatements="1" elements="2" coveredelements="2"/>
        </class>
        <line num="18" type="method" name="transformCollection" crap="1" count="11"/>
        <line num="20" type="stmt" count="11"/>
        <metrics loc="24" ncloc="13" classes="1" methods="1" coveredmethods="1" conditionals="0" coveredconditionals="0" statements="1" coveredstatements="1" elements="2" coveredelements="2"/>
      </file>
      <file name="/Users/brnbp/Code/podcast/podty-api/app/Transform/UserTransformer.php">
        <class name="UserTransformer" namespace="App\Transform" fullPackage="App" package="App">
          <metrics methods="2" coveredmethods="2" conditionals="0" coveredconditionals="0" statements="12" coveredstatements="12" elements="14" coveredelements="14"/>
        </class>
        <line num="19" type="method" name="transform" crap="2" count="6"/>
        <line num="21" type="stmt" count="6"/>
        <line num="22" type="stmt" count="1"/>
        <line num="26" type="stmt" count="6"/>
        <line num="27" type="stmt" count="6"/>
        <line num="28" type="stmt" count="6"/>
        <line num="29" type="stmt" count="6"/>
        <line num="30" type="stmt" count="6"/>
        <line num="31" type="stmt" count="6"/>
        <line num="32" type="stmt" count="6"/>
        <line num="36" type="method" name="setDate" crap="2" count="6"/>
        <line num="38" type="stmt" count="6"/>
        <line num="39" type="stmt" count="1"/>
        <line num="42" type="stmt" count="6"/>
        <metrics loc="44" ncloc="33" classes="1" methods="2" coveredmethods="2" conditionals="0" coveredconditionals="0" statements="12" coveredstatements="12" elements="14" coveredelements="14"/>
      </file>
      <file name="/Users/brnbp/Code/podcast/podty-api/app/Transform/XMLTransformer.php">
        <class name="XMLTransformer" namespace="App\Transform" fullPackage="App" package="App">
          <metrics methods="4" coveredmethods="0" conditionals="0" coveredconditionals="0" statements="36" coveredstatements="0" elements="40" coveredelements="0"/>
        </class>
        <line num="17" type="method" name="transform" crap="6" count="0"/>
        <line num="18" type="stmt" count="0"/>
        <line num="19" type="stmt" count="0"/>
        <line num="20" type="stmt" count="0"/>
        <line num="22" type="stmt" count="0"/>
        <line num="24" type="stmt" count="0"/>
        <line num="26" type="stmt" count="0"/>
        <line num="27" type="stmt" count="0"/>
        <line num="28" type="stmt" count="0"/>
        <line num="29" type="stmt" count="0"/>
        <line num="30" type="stmt" count="0"/>
        <line num="31" type="stmt" count="0"/>
        <line num="32" type="stmt" count="0"/>
        <line num="33" type="stmt" count="0"/>
        <line num="34" type="stmt" count="0"/>
        <line num="35" type="stmt" count="0"/>
        <line num="36" type="stmt" count="0"/>
        <line num="37" type="stmt" count="0"/>
        <line num="38" type="stmt" count="0"/>
        <line num="40" type="stmt" count="0"/>
        <line num="41" type="stmt" count="0"/>
        <line num="43" type="method" name="getNamespaceChildren" crap="2" count="0"/>
        <line num="44" type="stmt" count="0"/>
        <line num="45" type="stmt" count="0"/>
        <line num="47" type="stmt" count="0"/>
        <line num="48" type="stmt" count="0"/>
        <line num="50" type="method" name="getImageUrl" crap="12" count="0"/>
        <line num="51" type="stmt" count="0"/>
        <line num="52" type="stmt" count="0"/>
        <line num="53" type="stmt" count="0"/>
        <line num="54" type="stmt" count="0"/>
        <line num="56" type="stmt" count="0"/>
        <line num="57" type="stmt" count="0"/>
        <line num="58" type="stmt" count="0"/>
        <line num="60" type="stmt" count="0"/>
        <line num="61" type="stmt" count="0"/>
        <line num="63" type="method" name="getEnclosureAttributes" crap="2" count="0"/>
        <line num="64" type="stmt" count="0"/>
        <line num="65" type="stmt" count="0"/>
        <line num="66" type="stmt" count="0"/>
        <metrics loc="67" ncloc="56" classes="1" methods="4" coveredmethods="0" conditionals="0" coveredconditionals="0" statements="36" coveredstatements="0" elements="40" coveredelements="0"/>
      </file>
    </package>
    <metrics files="51" loc="2898" ncloc="2474" classes="50" methods="190" coveredmethods="123" conditionals="0" coveredconditionals="0" statements="796" coveredstatements="499" elements="986" coveredelements="622"/>
  </project>
</coverage>
